
FAILURE: Build failed with an exception.

* What went wrong:
Could not determine the dependencies of task ':app:compileProfileJavaWithJavac'.
> Failed to find Build Tools revision 29.0.2

* Try:
Run with --stacktrace option to get the stack trace. Run with --info or --debug option to get more log output. Run with --scan to get full insights.

* Get more help at https://help.gradle.org

BUILD FAILED in 2m 53s
